{
  "RSpec": {
    "coverage": {
      "/Users/shirleymacfarlane/Projects/Makersbnb/spec/features/create_listing_spec.rb": {
        "lines": [
          null,
          null,
          null,
          null,
          null,
          null,
          null,
          null,
          null,
          null,
          null,
          null
        ]
      },
      "/Users/shirleymacfarlane/Projects/Makersbnb/spec/features/create_user_spec.rb": {
        "lines": [
          1,
          1,
          1,
          1,
          1,
          1,
          1,
          1,
          null,
          null
        ]
      },
      "/Users/shirleymacfarlane/Projects/Makersbnb/spec/features/testing_spec.rb": {
        "lines": [
          null,
          null,
          null,
          null,
          null,
          null
        ]
      },
      "/Users/shirleymacfarlane/Projects/Makersbnb/spec/user_spec.rb": {
        "lines": [
          1,
          1,
          null,
          1,
          1,
          1,
          1,
          1,
          1,
          1,
          1,
          1,
          null,
          null,
          null,
          1,
          1,
          1,
          1,
          1,
          1,
          1,
          null,
          null,
          null
        ]
      },
      "/Users/shirleymacfarlane/Projects/Makersbnb/spec/database_helpers.rb": {
        "lines": [
          1,
          1,
          null,
          1,
          1,
          1,
          null
        ]
      }
    },
    "timestamp": 1645562787
  }
}
